Build started 13 Jun 2019 09.12.42.
     1>Project "D:\PENS\Semester 2\prak.progdas2\jamanalog_sem2\jamanalog_sem2\jamanalog_sem2.vcxproj" on node 2 (Build target(s)).
     1>ClCompile:
         E:\visual studio\VC\bin\CL.exe /c /ZI /nologo /W3 /WX- /sdl /Od /Oy- /D WIN32 /D _WINDOWS /D _DEBUG /D _UNICODE /D UNICODE /D _AFXDLL /Gm /EHsc /RTC1 /MDd /GS /fp:precise /Zc:wchar_t /Zc:forScope /Yu"stdafx.h" /Fp"Debug\jamanalog_sem2.pch" /Fo"Debug\\" /Fd"Debug\vc120.pdb" /Gd /TP /analyze- /errorReport:prompt jamanalog_sem2Dlg.cpp
         jamanalog_sem2Dlg.cpp
     1>d:\pens\semester 2\prak.progdas2\jamanalog_sem2\jamanalog_sem2\jamanalog_sem2dlg.cpp(137): warning C4244: 'argument' : conversion from 'double' to 'int', possible loss of data
     1>d:\pens\semester 2\prak.progdas2\jamanalog_sem2\jamanalog_sem2\jamanalog_sem2dlg.cpp(139): warning C4244: 'argument' : conversion from 'double' to 'int', possible loss of data
     1>d:\pens\semester 2\prak.progdas2\jamanalog_sem2\jamanalog_sem2\jamanalog_sem2dlg.cpp(140): warning C4244: 'argument' : conversion from 'double' to 'int', possible loss of data
     1>d:\pens\semester 2\prak.progdas2\jamanalog_sem2\jamanalog_sem2\jamanalog_sem2dlg.cpp(141): warning C4244: 'argument' : conversion from 'double' to 'int', possible loss of data
     1>d:\pens\semester 2\prak.progdas2\jamanalog_sem2\jamanalog_sem2\jamanalog_sem2dlg.cpp(142): warning C4244: 'argument' : conversion from 'double' to 'int', possible loss of data
     1>d:\pens\semester 2\prak.progdas2\jamanalog_sem2\jamanalog_sem2\jamanalog_sem2dlg.cpp(143): warning C4244: 'argument' : conversion from 'double' to 'int', possible loss of data
     1>d:\pens\semester 2\prak.progdas2\jamanalog_sem2\jamanalog_sem2\jamanalog_sem2dlg.cpp(144): warning C4244: 'argument' : conversion from 'double' to 'int', possible loss of data
     1>d:\pens\semester 2\prak.progdas2\jamanalog_sem2\jamanalog_sem2\jamanalog_sem2dlg.cpp(145): warning C4244: 'argument' : conversion from 'double' to 'int', possible loss of data
     1>d:\pens\semester 2\prak.progdas2\jamanalog_sem2\jamanalog_sem2\jamanalog_sem2dlg.cpp(146): warning C4244: 'argument' : conversion from 'double' to 'int', possible loss of data
     1>d:\pens\semester 2\prak.progdas2\jamanalog_sem2\jamanalog_sem2\jamanalog_sem2dlg.cpp(147): warning C4244: 'argument' : conversion from 'double' to 'int', possible loss of data
     1>d:\pens\semester 2\prak.progdas2\jamanalog_sem2\jamanalog_sem2\jamanalog_sem2dlg.cpp(168): warning C4244: 'argument' : conversion from 'double' to 'int', possible loss of data
     1>d:\pens\semester 2\prak.progdas2\jamanalog_sem2\jamanalog_sem2\jamanalog_sem2dlg.cpp(170): warning C4244: 'argument' : conversion from 'double' to 'int', possible loss of data
     1>d:\pens\semester 2\prak.progdas2\jamanalog_sem2\jamanalog_sem2\jamanalog_sem2dlg.cpp(171): warning C4244: 'argument' : conversion from 'double' to 'int', possible loss of data
     1>d:\pens\semester 2\prak.progdas2\jamanalog_sem2\jamanalog_sem2\jamanalog_sem2dlg.cpp(172): warning C4244: 'argument' : conversion from 'double' to 'int', possible loss of data
     1>d:\pens\semester 2\prak.progdas2\jamanalog_sem2\jamanalog_sem2\jamanalog_sem2dlg.cpp(173): warning C4244: 'argument' : conversion from 'double' to 'int', possible loss of data
     1>d:\pens\semester 2\prak.progdas2\jamanalog_sem2\jamanalog_sem2\jamanalog_sem2dlg.cpp(174): warning C4244: 'argument' : conversion from 'double' to 'int', possible loss of data
     1>d:\pens\semester 2\prak.progdas2\jamanalog_sem2\jamanalog_sem2\jamanalog_sem2dlg.cpp(175): warning C4244: 'argument' : conversion from 'double' to 'int', possible loss of data
     1>d:\pens\semester 2\prak.progdas2\jamanalog_sem2\jamanalog_sem2\jamanalog_sem2dlg.cpp(176): warning C4244: 'argument' : conversion from 'double' to 'int', possible loss of data
     1>d:\pens\semester 2\prak.progdas2\jamanalog_sem2\jamanalog_sem2\jamanalog_sem2dlg.cpp(177): warning C4244: 'argument' : conversion from 'double' to 'int', possible loss of data
     1>d:\pens\semester 2\prak.progdas2\jamanalog_sem2\jamanalog_sem2\jamanalog_sem2dlg.cpp(178): warning C4244: 'argument' : conversion from 'double' to 'int', possible loss of data
     1>d:\pens\semester 2\prak.progdas2\jamanalog_sem2\jamanalog_sem2\jamanalog_sem2dlg.cpp(195): warning C4244: 'initializing' : conversion from 'int' to 'float', possible loss of data
     1>d:\pens\semester 2\prak.progdas2\jamanalog_sem2\jamanalog_sem2\jamanalog_sem2dlg.cpp(197): warning C4244: '=' : conversion from 'double' to 'float', possible loss of data
     1>d:\pens\semester 2\prak.progdas2\jamanalog_sem2\jamanalog_sem2\jamanalog_sem2dlg.cpp(198): warning C4244: '=' : conversion from 'double' to 'float', possible loss of data
     1>d:\pens\semester 2\prak.progdas2\jamanalog_sem2\jamanalog_sem2\jamanalog_sem2dlg.cpp(202): warning C4244: 'initializing' : conversion from 'int' to 'float', possible loss of data
     1>d:\pens\semester 2\prak.progdas2\jamanalog_sem2\jamanalog_sem2\jamanalog_sem2dlg.cpp(204): warning C4244: '=' : conversion from 'double' to 'float', possible loss of data
     1>d:\pens\semester 2\prak.progdas2\jamanalog_sem2\jamanalog_sem2\jamanalog_sem2dlg.cpp(205): warning C4244: '=' : conversion from 'double' to 'float', possible loss of data
     1>d:\pens\semester 2\prak.progdas2\jamanalog_sem2\jamanalog_sem2\jamanalog_sem2dlg.cpp(209): warning C4244: 'initializing' : conversion from 'int' to 'float', possible loss of data
     1>d:\pens\semester 2\prak.progdas2\jamanalog_sem2\jamanalog_sem2\jamanalog_sem2dlg.cpp(211): warning C4244: '=' : conversion from 'double' to 'float', possible loss of data
     1>d:\pens\semester 2\prak.progdas2\jamanalog_sem2\jamanalog_sem2\jamanalog_sem2dlg.cpp(212): warning C4244: '=' : conversion from 'double' to 'float', possible loss of data
     1>d:\pens\semester 2\prak.progdas2\jamanalog_sem2\jamanalog_sem2\jamanalog_sem2dlg.cpp(231): warning C4244: 'argument' : conversion from 'double' to 'int', possible loss of data
     1>d:\pens\semester 2\prak.progdas2\jamanalog_sem2\jamanalog_sem2\jamanalog_sem2dlg.cpp(233): warning C4244: 'argument' : conversion from 'double' to 'int', possible loss of data
     1>d:\pens\semester 2\prak.progdas2\jamanalog_sem2\jamanalog_sem2\jamanalog_sem2dlg.cpp(234): warning C4244: 'argument' : conversion from 'double' to 'int', possible loss of data
     1>d:\pens\semester 2\prak.progdas2\jamanalog_sem2\jamanalog_sem2\jamanalog_sem2dlg.cpp(235): warning C4244: 'argument' : conversion from 'double' to 'int', possible loss of data
     1>d:\pens\semester 2\prak.progdas2\jamanalog_sem2\jamanalog_sem2\jamanalog_sem2dlg.cpp(236): warning C4244: 'argument' : conversion from 'double' to 'int', possible loss of data
     1>d:\pens\semester 2\prak.progdas2\jamanalog_sem2\jamanalog_sem2\jamanalog_sem2dlg.cpp(237): warning C4244: 'argument' : conversion from 'double' to 'int', possible loss of data
     1>d:\pens\semester 2\prak.progdas2\jamanalog_sem2\jamanalog_sem2\jamanalog_sem2dlg.cpp(238): warning C4244: 'argument' : conversion from 'double' to 'int', possible loss of data
     1>d:\pens\semester 2\prak.progdas2\jamanalog_sem2\jamanalog_sem2\jamanalog_sem2dlg.cpp(239): warning C4244: 'argument' : conversion from 'double' to 'int', possible loss of data
     1>d:\pens\semester 2\prak.progdas2\jamanalog_sem2\jamanalog_sem2\jamanalog_sem2dlg.cpp(240): warning C4244: 'argument' : conversion from 'double' to 'int', possible loss of data
     1>d:\pens\semester 2\prak.progdas2\jamanalog_sem2\jamanalog_sem2\jamanalog_sem2dlg.cpp(241): warning C4244: 'argument' : conversion from 'double' to 'int', possible loss of data
     1>d:\pens\semester 2\prak.progdas2\jamanalog_sem2\jamanalog_sem2\jamanalog_sem2dlg.cpp(258): warning C4244: 'initializing' : conversion from 'int' to 'float', possible loss of data
     1>d:\pens\semester 2\prak.progdas2\jamanalog_sem2\jamanalog_sem2\jamanalog_sem2dlg.cpp(260): warning C4244: '=' : conversion from 'double' to 'float', possible loss of data
     1>d:\pens\semester 2\prak.progdas2\jamanalog_sem2\jamanalog_sem2\jamanalog_sem2dlg.cpp(261): warning C4244: '=' : conversion from 'double' to 'float', possible loss of data
     1>d:\pens\semester 2\prak.progdas2\jamanalog_sem2\jamanalog_sem2\jamanalog_sem2dlg.cpp(265): warning C4244: 'initializing' : conversion from 'int' to 'float', possible loss of data
     1>d:\pens\semester 2\prak.progdas2\jamanalog_sem2\jamanalog_sem2\jamanalog_sem2dlg.cpp(267): warning C4244: '=' : conversion from 'double' to 'float', possible loss of data
     1>d:\pens\semester 2\prak.progdas2\jamanalog_sem2\jamanalog_sem2\jamanalog_sem2dlg.cpp(268): warning C4244: '=' : conversion from 'double' to 'float', possible loss of data
     1>d:\pens\semester 2\prak.progdas2\jamanalog_sem2\jamanalog_sem2\jamanalog_sem2dlg.cpp(272): warning C4244: 'initializing' : conversion from 'int' to 'float', possible loss of data
     1>d:\pens\semester 2\prak.progdas2\jamanalog_sem2\jamanalog_sem2\jamanalog_sem2dlg.cpp(274): warning C4244: '=' : conversion from 'double' to 'float', possible loss of data
     1>d:\pens\semester 2\prak.progdas2\jamanalog_sem2\jamanalog_sem2\jamanalog_sem2dlg.cpp(275): warning C4244: '=' : conversion from 'double' to 'float', possible loss of data
       Link:
         E:\visual studio\VC\bin\link.exe /ERRORREPORT:PROMPT /OUT:"D:\PENS\Semester 2\prak.progdas2\jamanalog_sem2\Debug\jamanalog_sem2.exe" /INCREMENTAL /NOLOGO /MANIFEST /MANIFESTUAC:"level='asInvoker' uiAccess='false'" /manifest:embed /manifestinput:"E:\visual studio\VC\Include\Manifest\dpiaware.manifest" /DEBUG /PDB:"D:\PENS\Semester 2\prak.progdas2\jamanalog_sem2\Debug\jamanalog_sem2.pdb" /SUBSYSTEM:WINDOWS /TLBID:1 /ENTRY:"wWinMainCRTStartup" /DYNAMICBASE /NXCOMPAT /IMPLIB:"D:\PENS\Semester 2\prak.progdas2\jamanalog_sem2\Debug\jamanalog_sem2.lib" /MACHINE:X86 Debug\jamanalog_sem2.res
         Debug\jamanalog_sem2.obj
         Debug\jamanalog_sem2Dlg.obj
         Debug\stdafx.obj
         jamanalog_sem2.vcxproj -> D:\PENS\Semester 2\prak.progdas2\jamanalog_sem2\Debug\jamanalog_sem2.exe
     1>Done Building Project "D:\PENS\Semester 2\prak.progdas2\jamanalog_sem2\jamanalog_sem2\jamanalog_sem2.vcxproj" (Build target(s)).

Build succeeded.

Time Elapsed 00:00:02.32
