Build started 12 Jun 2019 22.30.18.
     1>Project "D:\PENS\Semester 2\prak.progdas2\jamanalog\jamanalog\jamanalog.vcxproj" on node 2 (Build target(s)).
     1>ClCompile:
         E:\visual studio\VC\bin\CL.exe /c /ZI /nologo /W3 /WX- /sdl /Od /Oy- /D WIN32 /D _WINDOWS /D _DEBUG /D _UNICODE /D UNICODE /D _AFXDLL /Gm /EHsc /RTC1 /MDd /GS /fp:precise /Zc:wchar_t /Zc:forScope /Yu"stdafx.h" /Fp"Debug\jamanalog.pch" /Fo"Debug\\" /Fd"Debug\vc120.pdb" /Gd /TP /analyze- /errorReport:prompt MainFrm.cpp jamanalog.cpp jamanalogDoc.cpp jamanalogView.cpp
         Skipping... (no relevant changes detected)
         jamanalogView.cpp
         jamanalogDoc.cpp
         jamanalog.cpp
         MainFrm.cpp
       ResourceCompile:
         C:\Program Files (x86)\Windows Kits\8.1\bin\x86\rc.exe /D _DEBUG /D _UNICODE /D UNICODE /D _AFXDLL /l"0x0409" /IDebug\ /nologo /fo"Debug\jamanalog.res" jamanalog.rc 
       Link:
         E:\visual studio\VC\bin\link.exe /ERRORREPORT:PROMPT /OUT:"D:\PENS\Semester 2\prak.progdas2\jamanalog\Debug\jamanalog.exe" /INCREMENTAL /NOLOGO /MANIFEST /MANIFESTUAC:"level='asInvoker' uiAccess='false'" /manifest:embed /manifestinput:"E:\visual studio\VC\Include\Manifest\dpiaware.manifest" /DEBUG /PDB:"D:\PENS\Semester 2\prak.progdas2\jamanalog\Debug\jamanalog.pdb" /SUBSYSTEM:WINDOWS /TLBID:1 /ENTRY:"wWinMainCRTStartup" /DYNAMICBASE /NXCOMPAT /IMPLIB:"D:\PENS\Semester 2\prak.progdas2\jamanalog\Debug\jamanalog.lib" /MACHINE:X86 Debug\jamanalog.res
         Debug\jamanalog.obj
         Debug\jamanalogDoc.obj
         Debug\jamanalogView.obj
         Debug\MainFrm.obj
         Debug\stdafx.obj
         jamanalog.vcxproj -> D:\PENS\Semester 2\prak.progdas2\jamanalog\Debug\jamanalog.exe
     1>Done Building Project "D:\PENS\Semester 2\prak.progdas2\jamanalog\jamanalog\jamanalog.vcxproj" (Build target(s)).

Build succeeded.

Time Elapsed 00:00:14.79
